[2026-02-01T19:30:02.539+0000] {local_task_job_runner.py:120} INFO - ::group::Pre task execution logs
[2026-02-01T19:30:02.560+0000] {taskinstance.py:2076} INFO - Dependencies all met for dep_context=non-requeueable deps ti=<TaskInstance: extract.extract_json scheduled__2026-02-01T19:00:00+00:00 [queued]>
[2026-02-01T19:30:02.565+0000] {taskinstance.py:2076} INFO - Dependencies all met for dep_context=requeueable deps ti=<TaskInstance: extract.extract_json scheduled__2026-02-01T19:00:00+00:00 [queued]>
[2026-02-01T19:30:02.565+0000] {taskinstance.py:2306} INFO - Starting attempt 1 of 1
[2026-02-01T19:30:02.574+0000] {taskinstance.py:2330} INFO - Executing <Task(PostgresOperator): extract_json> on 2026-02-01 19:00:00+00:00
[2026-02-01T19:30:02.578+0000] {standard_task_runner.py:64} INFO - Started process 115 to run task
[2026-02-01T19:30:02.580+0000] {standard_task_runner.py:90} INFO - Running: ['***', 'tasks', 'run', 'extract', 'extract_json', 'scheduled__2026-02-01T19:00:00+00:00', '--job-id', '3', '--raw', '--subdir', 'DAGS_FOLDER/solution_dag.py', '--cfg-path', '/tmp/tmpa7832q1p']
[2026-02-01T19:30:02.581+0000] {standard_task_runner.py:91} INFO - Job 3: Subtask extract_json
[2026-02-01T19:30:02.614+0000] {task_command.py:426} INFO - Running <TaskInstance: extract.extract_json scheduled__2026-02-01T19:00:00+00:00 [running]> on host ef11781e4920
[2026-02-01T19:30:02.675+0000] {taskinstance.py:2648} INFO - Exporting env vars: AIRFLOW_CTX_DAG_OWNER='***' AIRFLOW_CTX_DAG_ID='extract' AIRFLOW_CTX_TASK_ID='extract_json' AIRFLOW_CTX_EXECUTION_DATE='2026-02-01T19:00:00+00:00' AIRFLOW_CTX_TRY_NUMBER='1' AIRFLOW_CTX_DAG_RUN_ID='scheduled__2026-02-01T19:00:00+00:00'
[2026-02-01T19:30:02.675+0000] {taskinstance.py:430} INFO - ::endgroup::
[2026-02-01T19:30:02.765+0000] {sql.py:282} INFO - Executing: 
        DROP TABLE IF EXISTS extract_demo.data_from_json;
        
        CREATE TABLE extract_demo.data_from_json AS
        SELECT
            post.value->>'name' AS name,
            post.value->>'species' AS species,
            post.value->>'favFoods' AS favFoods,
            (post.value->>'birthYear')::INTEGER AS birthYear,
            TRIM(post.value->>'photo') AS photo
        FROM extract_demo.json_content,
        LATERAL jsonb_array_elements(json_data->'pets') AS post(value)
        WHERE id = 1;
        
[2026-02-01T19:30:02.774+0000] {base.py:84} INFO - Using connection ID 'postgres_default' for task execution.
[2026-02-01T19:30:02.811+0000] {base.py:84} INFO - Using connection ID 'postgres_default' for task execution.
[2026-02-01T19:30:02.815+0000] {taskinstance.py:441} INFO - ::group::Post task execution logs
[2026-02-01T19:30:02.815+0000] {taskinstance.py:2905} ERROR - Task failed with exception
Traceback (most recent call last):
  File "/home/airflow/.local/lib/python3.12/site-packages/airflow/models/taskinstance.py", line 465, in _execute_task
    result = _execute_callable(context=context, **execute_callable_kwargs)
             ^^^^^^^^^^^^^^^^^^^^^^^^^^^^^^^^^^^^^^^^^^^^^^^^^^^^^^^^^^^^^
  File "/home/airflow/.local/lib/python3.12/site-packages/airflow/models/taskinstance.py", line 432, in _execute_callable
    return execute_callable(context=context, **execute_callable_kwargs)
           ^^^^^^^^^^^^^^^^^^^^^^^^^^^^^^^^^^^^^^^^^^^^^^^^^^^^^^^^^^^^
  File "/home/airflow/.local/lib/python3.12/site-packages/airflow/models/baseoperator.py", line 401, in wrapper
    return func(self, *args, **kwargs)
           ^^^^^^^^^^^^^^^^^^^^^^^^^^^
  File "/home/airflow/.local/lib/python3.12/site-packages/airflow/providers/common/sql/operators/sql.py", line 288, in execute
    output = hook.run(
             ^^^^^^^^^
  File "/home/airflow/.local/lib/python3.12/site-packages/airflow/providers/common/sql/hooks/sql.py", line 438, in run
    with self._create_autocommit_connection(autocommit) as conn:
  File "/usr/local/lib/python3.12/contextlib.py", line 137, in __enter__
    return next(self.gen)
           ^^^^^^^^^^^^^^
  File "/home/airflow/.local/lib/python3.12/site-packages/airflow/providers/common/sql/hooks/sql.py", line 560, in _create_autocommit_connection
    with closing(self.get_conn()) as conn:
                 ^^^^^^^^^^^^^^^
  File "/home/airflow/.local/lib/python3.12/site-packages/airflow/providers/postgres/hooks/postgres.py", line 175, in get_conn
    self.conn = psycopg2.connect(**conn_args)
                ^^^^^^^^^^^^^^^^^^^^^^^^^^^^^
  File "/home/airflow/.local/lib/python3.12/site-packages/psycopg2/__init__.py", line 122, in connect
    conn = _connect(dsn, connection_factory=connection_factory, **kwasync)
           ^^^^^^^^^^^^^^^^^^^^^^^^^^^^^^^^^^^^^^^^^^^^^^^^^^^^^^^^^^^^^^^
psycopg2.OperationalError: connection to server at "postgres" (172.20.0.2), port 5432 failed: FATAL:  password authentication failed for user "postgres"

[2026-02-01T19:30:02.825+0000] {taskinstance.py:1206} INFO - Marking task as FAILED. dag_id=extract, task_id=extract_json, run_id=scheduled__2026-02-01T19:00:00+00:00, execution_date=20260201T190000, start_date=20260201T193002, end_date=20260201T193002
[2026-02-01T19:30:02.835+0000] {standard_task_runner.py:110} ERROR - Failed to execute job 3 for task extract_json (connection to server at "postgres" (172.20.0.2), port 5432 failed: FATAL:  password authentication failed for user "postgres"
; 115)
[2026-02-01T19:30:02.874+0000] {local_task_job_runner.py:243} INFO - Task exited with return code 1
[2026-02-01T19:30:02.885+0000] {taskinstance.py:3503} INFO - 0 downstream tasks scheduled from follow-on schedule check
[2026-02-01T19:30:02.892+0000] {local_task_job_runner.py:222} INFO - ::endgroup::
[2026-02-01T19:37:07.189+0000] {local_task_job_runner.py:120} INFO - ::group::Pre task execution logs
[2026-02-01T19:37:07.209+0000] {taskinstance.py:2076} INFO - Dependencies all met for dep_context=non-requeueable deps ti=<TaskInstance: extract.extract_json scheduled__2026-02-01T19:00:00+00:00 [queued]>
[2026-02-01T19:37:07.213+0000] {taskinstance.py:2076} INFO - Dependencies all met for dep_context=requeueable deps ti=<TaskInstance: extract.extract_json scheduled__2026-02-01T19:00:00+00:00 [queued]>
[2026-02-01T19:37:07.213+0000] {taskinstance.py:2306} INFO - Starting attempt 1 of 1
[2026-02-01T19:37:07.222+0000] {taskinstance.py:2330} INFO - Executing <Task(PostgresOperator): extract_json> on 2026-02-01 19:00:00+00:00
[2026-02-01T19:37:07.224+0000] {standard_task_runner.py:64} INFO - Started process 62 to run task
[2026-02-01T19:37:07.226+0000] {standard_task_runner.py:90} INFO - Running: ['***', 'tasks', 'run', 'extract', 'extract_json', 'scheduled__2026-02-01T19:00:00+00:00', '--job-id', '2', '--raw', '--subdir', 'DAGS_FOLDER/solution_dag.py', '--cfg-path', '/tmp/tmp3zk0407i']
[2026-02-01T19:37:07.227+0000] {standard_task_runner.py:91} INFO - Job 2: Subtask extract_json
[2026-02-01T19:37:07.258+0000] {task_command.py:426} INFO - Running <TaskInstance: extract.extract_json scheduled__2026-02-01T19:00:00+00:00 [running]> on host 521cd4021b13
[2026-02-01T19:37:07.316+0000] {taskinstance.py:2648} INFO - Exporting env vars: AIRFLOW_CTX_DAG_OWNER='***' AIRFLOW_CTX_DAG_ID='extract' AIRFLOW_CTX_TASK_ID='extract_json' AIRFLOW_CTX_EXECUTION_DATE='2026-02-01T19:00:00+00:00' AIRFLOW_CTX_TRY_NUMBER='1' AIRFLOW_CTX_DAG_RUN_ID='scheduled__2026-02-01T19:00:00+00:00'
[2026-02-01T19:37:07.316+0000] {taskinstance.py:430} INFO - ::endgroup::
[2026-02-01T19:37:07.412+0000] {sql.py:282} INFO - Executing: 
        DROP TABLE IF EXISTS extract_demo.data_from_json;
        
        CREATE TABLE extract_demo.data_from_json AS
        SELECT
            post.value->>'name' AS name,
            post.value->>'species' AS species,
            post.value->>'favFoods' AS favFoods,
            (post.value->>'birthYear')::INTEGER AS birthYear,
            TRIM(post.value->>'photo') AS photo
        FROM extract_demo.json_content,
        LATERAL jsonb_array_elements(json_data->'pets') AS post(value)
        WHERE id = 1;
        
[2026-02-01T19:37:07.418+0000] {base.py:84} INFO - Using connection ID '***_db' for task execution.
[2026-02-01T19:37:07.456+0000] {base.py:84} INFO - Using connection ID '***_db' for task execution.
[2026-02-01T19:37:07.459+0000] {sql.py:495} INFO - Running statement: 
        DROP TABLE IF EXISTS extract_demo.data_from_json;
        
        CREATE TABLE extract_demo.data_from_json AS
        SELECT
            post.value->>'name' AS name,
            post.value->>'species' AS species,
            post.value->>'favFoods' AS favFoods,
            (post.value->>'birthYear')::INTEGER AS birthYear,
            TRIM(post.value->>'photo') AS photo
        FROM extract_demo.json_content,
        LATERAL jsonb_array_elements(json_data->'pets') AS post(value)
        WHERE id = 1;
        , parameters: None
[2026-02-01T19:37:07.468+0000] {sql.py:504} INFO - Rows affected: 3
[2026-02-01T19:37:07.472+0000] {taskinstance.py:441} INFO - ::group::Post task execution logs
[2026-02-01T19:37:07.478+0000] {taskinstance.py:1206} INFO - Marking task as SUCCESS. dag_id=extract, task_id=extract_json, run_id=scheduled__2026-02-01T19:00:00+00:00, execution_date=20260201T190000, start_date=20260201T193707, end_date=20260201T193707
[2026-02-01T19:37:07.518+0000] {local_task_job_runner.py:243} INFO - Task exited with return code 0
[2026-02-01T19:37:07.530+0000] {taskinstance.py:3503} INFO - 0 downstream tasks scheduled from follow-on schedule check
[2026-02-01T19:37:07.534+0000] {local_task_job_runner.py:222} INFO - ::endgroup::
